Ansys Lumerical 2023 R1.3 FDTD Solver Version 8.29.3401 (Windows 64bit)
 expires (month/day/year): 12/21/2023
using config file: Ansys Licensing set with ANSYSLMD_LICENSE_FILE
license host: 27025@ansys-tlm.ece.ubc.ca
current time: Wed Aug 16 10:49:17 2023
Running on host: DESKTOP-2425PLI
host available memory (GB): 18.532880
All processes are communicating and ready to proceed to simulation...
Running fsp file: C:\Program Files\Lumerical\v231\bin\fdtd-engine-msmpi.exe -t 1 -remote -shared-solve-license QU5TWVNfTElDRU5TSU5HX0NPTlRFWFRfREFUQT08QU5TWVNfTElDRU5TSU5HX0NPTlRFWFRfREFUQT48SUQ+ZGQ0Y2NiOTAtYWVhZS00ODhiLTk0M2QtMzBkY2ViODVkYjhkPC9JRD48VFlQRT5BUFBfREVGSU5FRDwvVFlQRT48TkFNRT5sdW1fc3RhbmRhcmRfc29sdmVfc2hhcmU8L05BTUU+PEhBTkRMRVI+NjUyMDBAREVTS1RPUC0yNDI1UExJPC9IQU5ETEVSPjwvQU5TWVNfTElDRU5TSU5HX0NPTlRFWFRfREFUQT4K C:/Users/shahe/Documents/GitHub/InverseDesignLitho/forward_0.fsp
Starting meshing
Simulation size in gridpoints: 1 x 40 x 1
Refined 0 mesh cells (0%)
Completed meshing!
Meshing complete in 0.015625 seconds of CPU time
Starting meshing
Simulation size in gridpoints: 1 x 40 x 1
Refined 0 mesh cells (0%)
Completed meshing!
Meshing complete in 0.03125 seconds of CPU time
Starting meshing
Simulation size in gridpoints: 1 x 40 x 1
Refined 0 mesh cells (0%)
Completed meshing!
Meshing complete in 0.015625 seconds of CPU time
number of processors is 8
processors are distributed as: 4x2x1
Running 2D Simulation
Starting meshing
Simulation size in gridpoints: 49 x 56 x 1
Refined 0 mesh cells (0%)
Completed meshing!
Meshing complete in 0.03125 seconds of CPU time
0 0
Starting meshing
Simulation size in gridpoints: 49 x 56 x 1
Refined 0 mesh cells (0%)
Completed meshing!
Meshing complete in 0.03125 seconds of CPU time
0 0
finished material properties
Selected kernel with optimization level: 2 and split-field propagation direction: 0
Starting meshing
Simulation size in gridpoints: 49 x 56 x 1
Refined 0 mesh cells (0%)
Completed meshing!
Meshing complete in 0.03125 seconds of CPU time
0 0
Selected kernel with optimization level: 2 and split-field propagation direction: 0
-----------------------------------------
Beginning initialization of 2D FDTD Simulation
  Including TE Simulation
Starting to add sources to simulation

Adding Mode source propagating in X
Starting to add boundary conditions to simulation
Adding PML BC
Adding parallel BC
Adding Anti-Symmetric BC
Adding parallel BC
Starting to add monitors to Simulation
Adding analysis monitor
Adding frequency monitor
Adding frequency monitor
Adding index monitor
Adding index monitor
Adding frequency monitor
Finished initialization of 2D Simulation
-----------------------------------------
All processes are communicating and ready to proceed to simulation...
Starting 21413 total iterations
0.224167% complete. Elapsed simulation time: 2.24167e-15 secs. Max time remaining: 3 secs. Auto Shutoff: 1
2.31639% complete. Elapsed simulation time: 2.31639e-14 secs. Max time remaining: 2 secs. Auto Shutoff: 1
4.7075% complete. Elapsed simulation time: 4.7075e-14 secs. Max time remaining: 2 secs. Auto Shutoff: 1
9.48972% complete. Elapsed simulation time: 9.48972e-14 secs. Max time remaining: 2 secs. Auto Shutoff: 0.0917992
19.0542% complete. Elapsed simulation time: 1.90542e-13 secs. Max time remaining: 2 secs. Auto Shutoff: 0.000587307
35.6191% complete. Elapsed simulation time: 3.56191e-13 secs. Max time remaining: 2 secs. Auto Shutoff: 8.66109e-08
100% complete. Max time remaining: 0 mins, 0 secs. Auto Shutoff: 8.66109e-08
Early termination of simulation, the autoshutoff criteria are satisfied.
Completed 7627 iterations, or 3.561912e-13s of Simulation Time
Process 0 starting to collect data
    collecting TM monitor data
    collecting TE monitor data
    collecting TM source data
    collecting TE source data
Finished collecting data
Simulation completed successfully at: Wed Aug 16 10:49:19 2023
Overall wall time measurements in seconds: 1.97652
    time to mesh and initialize: 0.295024
    time to run FDTD simulation: 0.894912
    time to checkpoint simulation: 2e-07
    time to finalize data and save to files: 0.0669187
    miscellaneous time: 0.719657
    FDTD solver speed on process 0: 23.3861 Mnodes/s
    total FDTD solver speed on 8 processes: 187.089 Mnodes/s
