Ansys Lumerical 2023 R1.3 FDTD Solver Version 8.29.3401 (Windows 64bit)
 expires (month/day/year): 12/21/2023
using config file: Ansys Licensing set with ANSYSLMD_LICENSE_FILE
license host: 27025@ansys-tlm.ece.ubc.ca
current time: Thu Aug 17 14:14:36 2023
Running on host: DESKTOP-2425PLI
host available memory (GB): 16.641831
All processes are communicating and ready to proceed to simulation...
Running fsp file: C:\Program Files\Lumerical\v231\bin\fdtd-engine-msmpi.exe -t 1 -remote -shared-solve-license QU5TWVNfTElDRU5TSU5HX0NPTlRFWFRfREFUQT08QU5TWVNfTElDRU5TSU5HX0NPTlRFWFRfREFUQT48SUQ+N2ViZDBhNDEtZjFlNC00YjMzLTk2ZWEtYjRhMTYyNzcxYjBjPC9JRD48VFlQRT5BUFBfREVGSU5FRDwvVFlQRT48TkFNRT5sdW1fc3RhbmRhcmRfc29sdmVfc2hhcmU8L05BTUU+PEhBTkRMRVI+NjUwNDRAREVTS1RPUC0yNDI1UExJPC9IQU5ETEVSPjwvQU5TWVNfTElDRU5TSU5HX0NPTlRFWFRfREFUQT4K C:/Users/shahe/Documents/GitHub/InverseDesignLitho/y_branch.fsp
Starting meshing
Simulation size in gridpoints: 1 x 100 x 30
Refined 0 mesh cells (0%)
Completed meshing!
Meshing complete in 0.03125 seconds of CPU time
Starting meshing
Simulation size in gridpoints: 1 x 100 x 30
Refined 0 mesh cells (0%)
Completed meshing!
Meshing complete in 0.015625 seconds of CPU time
Starting meshing
Simulation size in gridpoints: 1 x 100 x 30
Refined 0 mesh cells (0%)
Completed meshing!
Meshing complete in 0.03125 seconds of CPU time
Starting meshing
Simulation size in gridpoints: 1 x 100 x 30
Refined 0 mesh cells (0%)
Completed meshing!
Meshing complete in 0.03125 seconds of CPU time
Starting meshing
Simulation size in gridpoints: 1 x 100 x 30
Refined 0 mesh cells (0%)
Completed meshing!
Meshing complete in 0.015625 seconds of CPU time
Starting meshing
Simulation size in gridpoints: 1 x 100 x 30
Refined 0 mesh cells (0%)
Completed meshing!
Meshing complete in 0.03125 seconds of CPU time
left is a duplicate key.
bottom is a duplicate key.
z1 is a duplicate key.
z2 is a duplicate key.
Nx is a duplicate key.
Ny is a duplicate key.
Nz is a duplicate key.
Starting meshing
Simulation size in gridpoints: 1 x 58 x 30
Refined 0 mesh cells (0%)
Completed meshing!
Meshing complete in 0.03125 seconds of CPU time
Starting meshing
Simulation size in gridpoints: 1 x 58 x 30
Refined 0 mesh cells (0%)
Completed meshing!
Meshing complete in 0.015625 seconds of CPU time
Starting meshing
Simulation size in gridpoints: 1 x 58 x 30
Refined 0 mesh cells (0%)
Completed meshing!
Meshing complete in 0.03125 seconds of CPU time
left is a duplicate key.
bottom is a duplicate key.
z1 is a duplicate key.
z2 is a duplicate key.
Nx is a duplicate key.
Ny is a duplicate key.
Nz is a duplicate key.
Starting meshing
Simulation size in gridpoints: 1 x 58 x 30
Refined 0 mesh cells (0%)
Completed meshing!
Meshing complete in 0.03125 seconds of CPU time
Starting meshing
Simulation size in gridpoints: 1 x 58 x 30
Refined 0 mesh cells (0%)
Completed meshing!
Meshing complete in 0.015625 seconds of CPU time
Starting meshing
Simulation size in gridpoints: 1 x 58 x 30
Refined 0 mesh cells (0%)
Completed meshing!
Meshing complete in 0.03125 seconds of CPU time
left is a duplicate key.
bottom is a duplicate key.
z1 is a duplicate key.
z2 is a duplicate key.
Nx is a duplicate key.
Ny is a duplicate key.
Nz is a duplicate key.
number of processors is 8
processors are distributed as: 4x2x1
Running 3D Simulation
Starting meshing
Simulation size in gridpoints: 90 x 99 x 44
Refined 0 mesh cells (0%)
Completed meshing!
Meshing complete in 0.140625 seconds of CPU time
0 0
Starting meshing
Simulation size in gridpoints: 90 x 99 x 44
Refined 0 mesh cells (0%)
Completed meshing!
Meshing complete in 0.15625 seconds of CPU time
0 0
Starting meshing
Simulation size in gridpoints: 90 x 99 x 44
Refined 0 mesh cells (0%)
Completed meshing!
Meshing complete in 0.15625 seconds of CPU time
0 0
finished material properties
Meshing Time: 0.327977 seconds, Init Electrical Material Time: 0.0342041 seconds, Init Magnetic Material Time: 0.0017636
Using selected optimization level: 2
Selecting 3d kernel for splitFieldDirection=0 and optLevel=2
-----------------------------------------
Beginning initialization of 3D Simulation
Starting to add sources to simulation
Adding 3D Mode source propagating in X
Using frequency dependent profile
Starting to add boundary conditions to simulation
Adding 3D PML BC
Adding 3D Parallel BC
Adding 3D PML BC
Adding 3D Parallel BC
Adding 3D PML BC
Adding 3D PML BC
Starting to add monitors to Simulation
Adding analysis monitor
Adding 3D DFT monitor
Adding 3D DFT monitor
Adding 3D DFT monitor
Adding 3D movie monitor
Adding 3D DFT monitor
Finished initialization of 3D Simulation
-----------------------------------------
All processes are communicating and ready to proceed to simulation...
Starting 13006 total iterations
0.369065% complete. Elapsed simulation time: 3.69065e-15 secs. Max time remaining: 2 mins, 57 secs. Auto Shutoff: 1
1.84532% complete. Elapsed simulation time: 1.84532e-14 secs. Max time remaining: 2 mins, 49 secs. Auto Shutoff: 1
3.81367% complete. Elapsed simulation time: 3.81367e-14 secs. Max time remaining: 2 mins, 45 secs. Auto Shutoff: 1
5.78201% complete. Elapsed simulation time: 5.78201e-14 secs. Max time remaining: 2 mins, 42 secs. Auto Shutoff: 0.945386
7.75035% complete. Elapsed simulation time: 7.75035e-14 secs. Max time remaining: 2 mins, 38 secs. Auto Shutoff: 0.941305
9.7187% complete. Elapsed simulation time: 9.7187e-14 secs. Max time remaining: 2 mins, 34 secs. Auto Shutoff: 0.865513
11.687% complete. Elapsed simulation time: 1.1687e-13 secs. Max time remaining: 2 mins, 31 secs. Auto Shutoff: 0.88886
13.6554% complete. Elapsed simulation time: 1.36554e-13 secs. Max time remaining: 2 mins, 28 secs. Auto Shutoff: 0.843849
15.6237% complete. Elapsed simulation time: 1.56237e-13 secs. Max time remaining: 2 mins, 25 secs. Auto Shutoff: 0.840222
17.5921% complete. Elapsed simulation time: 1.75921e-13 secs. Max time remaining: 2 mins, 21 secs. Auto Shutoff: 0.847242
19.5604% complete. Elapsed simulation time: 1.95604e-13 secs. Max time remaining: 2 mins, 18 secs. Auto Shutoff: 0.836006
21.5288% complete. Elapsed simulation time: 2.15288e-13 secs. Max time remaining: 2 mins, 14 secs. Auto Shutoff: 0.632801
23.4971% complete. Elapsed simulation time: 2.34971e-13 secs. Max time remaining: 2 mins, 11 secs. Auto Shutoff: 0.00511205
25.4655% complete. Elapsed simulation time: 2.54655e-13 secs. Max time remaining: 2 mins, 7 secs. Auto Shutoff: 0.00230806
27.4338% complete. Elapsed simulation time: 2.74338e-13 secs. Max time remaining: 2 mins, 4 secs. Auto Shutoff: 0.00124706
29.4021% complete. Elapsed simulation time: 2.94021e-13 secs. Max time remaining: 2 mins, 1 secs. Auto Shutoff: 0.00105197
31.3705% complete. Elapsed simulation time: 3.13705e-13 secs. Max time remaining: 1 min, 58 secs. Auto Shutoff: 0.000931891
33.3388% complete. Elapsed simulation time: 3.33388e-13 secs. Max time remaining: 1 min, 55 secs. Auto Shutoff: 0.000961304
35.3072% complete. Elapsed simulation time: 3.53072e-13 secs. Max time remaining: 1 min, 51 secs. Auto Shutoff: 0.000914805
37.2755% complete. Elapsed simulation time: 3.72755e-13 secs. Max time remaining: 1 min, 48 secs. Auto Shutoff: 0.000639263
39.2439% complete. Elapsed simulation time: 3.92439e-13 secs. Max time remaining: 1 min, 44 secs. Auto Shutoff: 0.000467667
41.2122% complete. Elapsed simulation time: 4.12122e-13 secs. Max time remaining: 1 min, 41 secs. Auto Shutoff: 0.000218348
43.1805% complete. Elapsed simulation time: 4.31805e-13 secs. Max time remaining: 1 min, 37 secs. Auto Shutoff: 6.11056e-05
45.1489% complete. Elapsed simulation time: 4.51489e-13 secs. Max time remaining: 1 min, 34 secs. Auto Shutoff: 4.26462e-05
47.1172% complete. Elapsed simulation time: 4.71172e-13 secs. Max time remaining: 1 min, 31 secs. Auto Shutoff: 3.24451e-05
49.0856% complete. Elapsed simulation time: 4.90856e-13 secs. Max time remaining: 1 min, 27 secs. Auto Shutoff: 2.86474e-05
51.0539% complete. Elapsed simulation time: 5.10539e-13 secs. Max time remaining: 1 min, 24 secs. Auto Shutoff: 2.15537e-05
53.0223% complete. Elapsed simulation time: 5.30223e-13 secs. Max time remaining: 1 min, 20 secs. Auto Shutoff: 1.60633e-05
54.9906% complete. Elapsed simulation time: 5.49906e-13 secs. Max time remaining: 1 min, 17 secs. Auto Shutoff: 1.27995e-05
56.0978% complete. Elapsed simulation time: 5.60978e-13 secs. Max time remaining: 1 min, 15 secs. Auto Shutoff: 8.09283e-06
100% complete. Max time remaining: 0 mins, 0 secs. Auto Shutoff: 8.09283e-06
Early termination of simulation, the autoshutoff criteria are satisfied.
Completed 7296 iterations, or 5.609781e-13s of Simulation Time
Process 0 starting to collect data
    collecting monitor data
    collecting source data
Using frequency dependent profile
Finished collecting data
left is a duplicate key.
bottom is a duplicate key.
z1 is a duplicate key.
z2 is a duplicate key.
Nx is a duplicate key.
Ny is a duplicate key.
Nz is a duplicate key.
left is a duplicate key.
bottom is a duplicate key.
z1 is a duplicate key.
z2 is a duplicate key.
Nx is a duplicate key.
Ny is a duplicate key.
Nz is a duplicate key.
left is a duplicate key.
bottom is a duplicate key.
z1 is a duplicate key.
z2 is a duplicate key.
Nx is a duplicate key.
Ny is a duplicate key.
Nz is a duplicate key.
Simulation completed successfully at: Thu Aug 17 14:16:16 2023
Overall wall time measurements in seconds: 100.803
    time to mesh and initialize: 0.969677
    time to run FDTD simulation: 96.0223
    time to checkpoint simulation: 3e-07
    time to finalize data and save to files: 1.78459
    miscellaneous time: 2.02597
    FDTD solver speed on process 0: 29.7881 Mnodes/s
    total FDTD solver speed on 8 processes: 238.305 Mnodes/s
